\BOOKMARK [0][-]{part.1}{\376\377\000I\000\040\145\160\213\272}{}% 1
\BOOKMARK [1][-]{section.1.1}{\376\377\145\160\213\272\127\372\170\100}{part.1}% 2
\BOOKMARK [2][-]{subsection.1.1.1}{\376\377\175\040\140\047\150\300\155\113}{section.1.1}% 3
\BOOKMARK [2][-]{subsection.1.1.2}{\376\377\215\050\126\340\145\160\122\006\211\343}{section.1.1}% 4
\BOOKMARK [2][-]{subsection.1.1.3}{\376\377\145\160\213\272\121\375\145\160}{section.1.1}% 5
\BOOKMARK [2][-]{subsection.1.1.4}{\376\377\175\040\145\160\213\241\145\160}{section.1.1}% 6
\BOOKMARK [2][-]{subsection.1.1.5}{\376\377\123\107\136\102\137\025\164\006}{section.1.1}% 7
\BOOKMARK [1][-]{section.1.2}{\376\377\153\047\142\311\121\375\145\160}{part.1}% 8
\BOOKMARK [2][-]{subsection.1.2.1}{\376\377\133\232\116\111\116\016\140\047\215\050}{section.1.2}% 9
\BOOKMARK [2][-]{subsection.1.2.2}{\376\377\153\047\142\311\133\232\164\006}{section.1.2}% 10
\BOOKMARK [2][-]{subsection.1.2.3}{\376\377\142\151\134\125\153\047\142\311\133\232\164\006}{section.1.2}% 11
\BOOKMARK [2][-]{subsection.1.2.4}{\376\377\153\047\142\311\123\315\157\024}{section.1.2}% 12
\BOOKMARK [2][-]{subsection.1.2.5}{\376\377\153\047\142\311\173\133}{section.1.2}% 13
\BOOKMARK [1][-]{section.1.3}{\376\377\226\066\116\016\123\237\150\071}{part.1}% 14
\BOOKMARK [2][-]{subsection.1.3.1}{\376\377\140\047\215\050\116\016\133\232\164\006}{section.1.3}% 15
\BOOKMARK [2][-]{subsection.1.3.2}{\376\377\000C\000a\000r\000m\000i\000c\000h\000a\000e\000l\121\375\145\160}{section.1.3}% 16
\BOOKMARK [1][-]{section.1.4}{\376\377\153\047\121\340\221\314\137\227\173\227\154\325}{part.1}% 17
\BOOKMARK [2][-]{subsection.1.4.1}{\376\377\142\151\134\125\153\047\137\017\173\227\154\325}{section.1.4}% 18
\BOOKMARK [2][-]{subsection.1.4.2}{\376\377\174\173\153\047\137\017\173\227\154\325}{section.1.4}% 19
\BOOKMARK [1][-]{section.1.5}{\376\377\124\014\117\131\145\271\172\013}{part.1}% 20
\BOOKMARK [2][-]{subsection.1.5.1}{\376\377\210\364\207\000\133\232\164\006}{section.1.5}% 21
\BOOKMARK [2][-]{subsection.1.5.2}{\376\377\131\032\121\103\116\015\133\232\145\271\172\013}{section.1.5}% 22
\BOOKMARK [2][-]{subsection.1.5.3}{\376\377\176\277\140\047\124\014\117\131\145\271\172\013}{section.1.5}% 23
\BOOKMARK [2][-]{subsection.1.5.4}{\376\377\152\041\220\006\121\103\173\133}{section.1.5}% 24
\BOOKMARK [2][-]{subsection.1.5.5}{\376\377\000C\000R\000T\133\232\164\006}{section.1.5}% 25
\BOOKMARK [2][-]{subsection.1.5.6}{\376\377\142\151\134\125\000C\000R\000T\133\232\164\006}{section.1.5}% 26
\BOOKMARK [2][-]{subsection.1.5.7}{\376\377\226\066\116\130\123\326\152\041}{section.1.5}% 27
\BOOKMARK [2][-]{subsection.1.5.8}{\376\377\000N\153\041\124\014\117\131\145\271\172\013}{section.1.5}% 28
\BOOKMARK [1][-]{section.1.6}{\376\377\171\273\145\143\133\371\145\160\124\214\122\151\117\131}{part.1}% 29
\BOOKMARK [2][-]{subsection.1.6.1}{\376\377\000B\000S\000G\000S\173\227\154\325}{section.1.6}% 30
\BOOKMARK [2][-]{subsection.1.6.2}{\376\377\142\151\134\125\000B\000S\000G\000S\173\227\154\325}{section.1.6}% 31
\BOOKMARK [2][-]{subsection.1.6.3}{\376\377\171\273\145\143\133\371\145\160\173\133}{section.1.6}% 32
\BOOKMARK [2][-]{subsection.1.6.4}{\376\377\000N\153\041\122\151\117\131}{section.1.6}% 33
\BOOKMARK [2][-]{subsection.1.6.5}{\376\377\116\214\153\041\122\151\117\131}{section.1.6}% 34
\BOOKMARK [1][-]{section.1.7}{\376\377\123\142\123\141\145\257\133\232\164\006}{part.1}% 35
\BOOKMARK [1][-]{section.1.8}{\376\377\145\160\213\272\122\006\127\127}{part.1}% 36
\BOOKMARK [2][-]{subsection.1.8.1}{\376\377\137\025\164\006\116\016\176\323\213\272}{section.1.8}% 37
\BOOKMARK [2][-]{subsection.1.8.2}{\376\377\000N\176\364\145\160\213\272\122\006\127\127}{section.1.8}% 38
\BOOKMARK [2][-]{subsection.1.8.3}{\376\377\124\021\116\012\123\326\145\164}{section.1.8}% 39
\BOOKMARK [2][-]{subsection.1.8.4}{\376\377\142\151\134\125\145\160\213\272\122\006\127\127}{section.1.8}% 40
\BOOKMARK [1][-]{section.1.9}{\376\377\000D\000i\000r\000i\000c\000h\000l\000e\000t\123\167\171\357}{part.1}% 41
\BOOKMARK [2][-]{subsection.1.9.1}{\376\377\000D\000i\000r\000i\000c\000h\000l\000e\000t\122\115\177\000\124\214}{section.1.9}% 42
\BOOKMARK [2][-]{subsection.1.9.2}{\376\377\000D\000i\000r\000i\000c\000h\000l\000e\000t\124\016\177\000\124\214}{section.1.9}% 43
\BOOKMARK [2][-]{subsection.1.9.3}{\376\377\000D\000G\000F\116\016\123\167\171\357}{section.1.9}% 44
\BOOKMARK [1][-]{section.1.10}{\376\377\171\357\140\047\121\375\145\160\173\133}{part.1}% 45
\BOOKMARK [1][-]{section.1.11}{\376\377\203\253\153\324\116\114\145\257\121\375\145\160}{part.1}% 46
\BOOKMARK [0][-]{part.2}{\376\377\000I\000I\000\040\126\376\213\272}{}% 47
\BOOKMARK [1][-]{section.2.1}{\376\377\126\376\213\272\127\372\170\100}{part.2}% 48
\BOOKMARK [1][-]{section.2.2}{\376\377\147\000\167\355\215\357\225\356\230\230}{part.2}% 49
\BOOKMARK [1][-]{section.2.3}{\376\377\165\037\142\020\150\021\225\356\230\230}{part.2}% 50
\BOOKMARK [1][-]{section.2.4}{\376\377\217\336\220\032\140\047\225\356\230\230}{part.2}% 51
\BOOKMARK [1][-]{section.2.5}{\376\377\163\257\213\241\145\160\225\356\230\230}{part.2}% 52
\BOOKMARK [1][-]{section.2.6}{\376\377\177\121\176\334\155\101}{part.2}% 53
\BOOKMARK [2][-]{subsection.2.6.1}{\376\377\127\372\147\054\133\232\116\111}{section.2.6}% 54
\BOOKMARK [2][-]{subsection.2.6.2}{\376\377\147\000\131\047\155\101}{section.2.6}% 55
\BOOKMARK [3][-]{subsubsection.2.6.2.1}{\376\377\000F\000o\000r\000d\040\023\000F\000u\000l\000k\000e\000r\000s\000o\000n\130\236\136\177}{subsection.2.6.2}% 56
\BOOKMARK [3][-]{subsubsection.2.6.2.2}{\376\377\147\000\131\047\155\101\147\000\134\017\122\162\133\232\164\006}{subsection.2.6.2}% 57
\BOOKMARK [3][-]{subsubsection.2.6.2.3}{\376\377\000E\000d\000m\000o\000n\000d\000s\040\023\000K\000a\000r\000p\173\227\154\325}{subsection.2.6.2}% 58
\BOOKMARK [3][-]{subsubsection.2.6.2.4}{\376\377\000D\000i\000n\000i\000c\000/\000I\000S\000A\000P\173\227\154\325}{subsection.2.6.2}% 59
\BOOKMARK [3][-]{subsubsection.2.6.2.5}{\376\377\230\204\155\101\143\250\217\333\173\227\154\325}{subsection.2.6.2}% 60
\BOOKMARK [2][-]{subsection.2.6.3}{\376\377\147\000\134\017\122\162\150\021}{section.2.6}% 61
\BOOKMARK [2][-]{subsection.2.6.4}{\376\377\147\011\165\114\155\101}{section.2.6}% 62
\BOOKMARK [2][-]{subsection.2.6.5}{\376\377\215\071\165\050\155\101}{section.2.6}% 63
\BOOKMARK [3][-]{subsubsection.2.6.5.1}{\376\377\000S\000S\000P\173\227\154\325}{subsection.2.6.5}% 64
\BOOKMARK [3][-]{subsubsection.2.6.5.2}{\376\377\123\237\131\313\133\371\120\166\173\227\154\325}{subsection.2.6.5}% 65
\BOOKMARK [3][-]{subsubsection.2.6.5.3}{\376\377\000Z\000K\000W\215\071\165\050\155\101}{subsection.2.6.5}% 66
\BOOKMARK [3][-]{subsubsection.2.6.5.4}{\376\377\136\046\215\037\127\010\215\071\165\050\155\101}{subsection.2.6.5}% 67
\BOOKMARK [2][-]{subsection.2.6.6}{\376\377\176\277\140\047\211\304\122\022}{section.2.6}% 68
\BOOKMARK [2][-]{subsection.2.6.7}{\376\377\136\070\211\301\152\041\127\213}{section.2.6}% 69
\BOOKMARK [3][-]{subsubsection.2.6.7.1}{\376\377\160\271\217\271\217\154\123\026}{subsection.2.6.7}% 70
\BOOKMARK [3][-]{subsubsection.2.6.7.2}{\376\377\122\006\145\160\211\304\122\022}{subsection.2.6.7}% 71
\BOOKMARK [3][-]{subsubsection.2.6.7.3}{\376\377\147\000\131\047\147\103\225\355\124\010\126\376}{subsection.2.6.7}% 72
\BOOKMARK [1][-]{section.2.7}{\376\377\136\217\164\006\213\272}{part.2}% 73
\BOOKMARK [2][-]{subsection.2.7.1}{\376\377\127\372\147\054\133\232\116\111}{section.2.7}% 74
\BOOKMARK [2][-]{subsection.2.7.2}{\376\377\142\323\142\121\143\222\136\217}{section.2.7}% 75
\BOOKMARK [2][-]{subsection.2.7.3}{\376\377\000D\000i\000l\000w\000o\000r\000t\000h\133\232\164\006}{section.2.7}% 76
\BOOKMARK [1][-]{section.2.8}{\376\377\126\376\166\204\167\100\202\162}{part.2}% 77
\BOOKMARK [1][-]{section.2.9}{\376\377\126\376\166\204\123\071\221\115}{part.2}% 78
\BOOKMARK [1][-]{section.2.10}{\376\377\150\021\213\272\127\372\170\100}{part.2}% 79
\BOOKMARK [2][-]{subsection.2.10.1}{\376\377\150\021\166\204\220\115\123\206}{section.2.10}% 80
\BOOKMARK [2][-]{subsection.2.10.2}{\376\377\150\021\166\204\166\364\137\204}{section.2.10}% 81
\BOOKMARK [2][-]{subsection.2.10.3}{\376\377\150\021\166\204\116\055\137\303}{section.2.10}% 82
\BOOKMARK [2][-]{subsection.2.10.4}{\376\377\150\021\166\204\221\315\137\303}{section.2.10}% 83
\BOOKMARK [2][-]{subsection.2.10.5}{\376\377\147\000\217\321\121\154\121\161\171\126\121\110}{section.2.10}% 84
\BOOKMARK [3][-]{subsubsection.2.10.5.1}{\376\377\120\015\130\236\154\325}{subsection.2.10.5}% 85
\BOOKMARK [3][-]{subsubsection.2.10.5.2}{\376\377\153\047\142\311\136\217}{subsection.2.10.5}% 86
\BOOKMARK [3][-]{subsubsection.2.10.5.3}{\376\377\000D\000F\000S\136\217}{subsection.2.10.5}% 87
\BOOKMARK [2][-]{subsection.2.10.6}{\376\377\150\021\116\012\135\356\122\006}{section.2.10}% 88
\BOOKMARK [1][-]{section.2.11}{\376\377\150\021\224\376\122\126\122\006}{part.2}% 89
\BOOKMARK [2][-]{subsection.2.11.1}{\376\377\127\372\147\054\133\232\116\111}{section.2.11}% 90
\BOOKMARK [2][-]{subsection.2.11.2}{\376\377\221\315\224\376\122\126\122\006}{section.2.11}% 91
\BOOKMARK [3][-]{subsubsection.2.11.2.1}{\376\377\215\357\137\204\116\012\176\364\142\244}{subsection.2.11.2}% 92
\BOOKMARK [0][-]{part.3}{\376\377\000I\000I\000I\000\040\176\277\140\047\116\343\145\160}{}% 93
\BOOKMARK [1][-]{section.3.1}{\376\377\176\277\140\047\127\372}{part.3}% 94
\BOOKMARK [2][-]{subsection.3.1.1}{\376\377\133\232\116\111\116\016\140\047\215\050}{section.3.1}% 95
\BOOKMARK [2][-]{subsection.3.1.2}{\376\377\137\002\142\026\176\277\140\047\127\372}{section.3.1}% 96
\BOOKMARK [3][-]{subsubsection.3.1.2.1}{\376\377\147\000\131\047\137\002\142\026\124\214}{subsection.3.1.2}% 97
\BOOKMARK [3][-]{subsubsection.3.1.2.2}{\376\377\154\102\173\054\000k\134\017\137\002\142\026\124\214}{subsection.3.1.2}% 98
\BOOKMARK [1][-]{section.3.2}{\376\377\162\171\137\201\150\071}{part.3}% 99
\BOOKMARK [0][-]{part.4}{\376\377\000I\000V\000\040\142\275\214\141\116\343\145\160}{}% 100
\BOOKMARK [0][-]{part.5}{\376\377\000V\000\040\176\304\124\010\145\160\133\146}{}% 101
\BOOKMARK [1][-]{section.5.1}{\376\377\143\222\122\027\176\304\124\010}{part.5}% 102
\BOOKMARK [0][-]{part.6}{\376\377\000V\000I\000\040\213\241\173\227\121\340\117\125}{}% 103
\BOOKMARK [0][-]{part.7}{\376\377\000V\000I\000I\000\040\151\202\163\207\213\272}{}% 104
\BOOKMARK [0][-]{part.8}{\376\377\000V\000I\000I\000I\000\040\117\341\140\157\213\272}{}% 105
\BOOKMARK [0][-]{part.9}{\376\377\000I\000X\000\040\123\132\137\010\213\272}{}% 106
\BOOKMARK [1][-]{section.9.1}{\376\377\121\154\136\163\176\304\124\010\123\132\137\010}{part.9}% 107
\BOOKMARK [2][-]{subsection.9.1.1}{\376\377\127\372\147\054\133\232\116\111}{section.9.1}% 108
\BOOKMARK [2][-]{subsection.9.1.2}{\376\377\173\200\123\125\000N\000i\000m\156\070\142\017}{section.9.1}% 109
\BOOKMARK [2][-]{subsection.9.1.3}{\376\377\000S\000p\000r\000a\000g\000u\000e\040\023\000G\000r\000u\000n\000d\000y\164\006\213\272}{section.9.1}% 110
\BOOKMARK [0][-]{part.10}{\376\377\000X\000\040\131\032\230\171\137\017}{}% 111
\BOOKMARK [0][-]{part.11}{\376\377\000X\000I\000\040\133\127\173\046\116\062}{}% 112
\BOOKMARK [0][-]{part.12}{\376\377\000X\000I\000I\000\040\145\160\143\156\176\323\147\204}{}% 113
\BOOKMARK [0][-]{part.13}{\376\377\000X\000I\000I\000I\000\040\122\250\140\001\211\304\122\022}{}% 114
\BOOKMARK [1][-]{section.13.1}{\376\377\200\314\123\005\000D\000P}{part.13}% 115
\BOOKMARK [2][-]{subsection.13.1.1}{\376\377\0000\000-\0001\200\314\123\005}{section.13.1}% 116
\BOOKMARK [2][-]{subsection.13.1.2}{\376\377\133\214\121\150\200\314\123\005}{section.13.1}% 117
\BOOKMARK [0][-]{part.14}{\376\377\000X\000I\000V\000\040\121\166\116\326\171\321\142\200}{}% 118
\BOOKMARK [1][-]{section.14.1}{\376\377\127\107\144\112\122\006\147\220}{part.14}% 119
\BOOKMARK [1][-]{section.14.2}{\376\377\213\241\173\227\164\006\213\272}{part.14}% 120
\BOOKMARK [2][-]{subsection.14.2.1}{\376\377\201\352\122\250\147\072}{section.14.2}% 121
\BOOKMARK [2][-]{subsection.14.2.2}{\376\377\137\142\137\017\213\355\212\000}{section.14.2}% 122
\BOOKMARK [2][-]{subsection.14.2.3}{\376\377\123\357\213\241\173\227\140\047}{section.14.2}% 123
\BOOKMARK [2][-]{subsection.14.2.4}{\376\377\131\015\147\102\140\047\164\006\213\272}{section.14.2}% 124
\BOOKMARK [1][-]{section.14.3}{\376\377\226\217\147\072\123\026\173\227\154\325}{part.14}% 125
