\BOOKMARK [0][-]{part.1}{\376\377\000I\000\040\145\160\213\272}{}% 1
\BOOKMARK [1][-]{section.1.1}{\376\377\145\160\213\272\127\372\170\100}{part.1}% 2
\BOOKMARK [2][-]{subsection.1.1.1}{\376\377\175\040\140\047\150\300\155\113}{section.1.1}% 3
\BOOKMARK [2][-]{subsection.1.1.2}{\376\377\215\050\126\340\145\160\122\006\211\343}{section.1.1}% 4
\BOOKMARK [2][-]{subsection.1.1.3}{\376\377\145\160\213\272\121\375\145\160}{section.1.1}% 5
\BOOKMARK [2][-]{subsection.1.1.4}{\376\377\175\040\145\160\213\241\145\160}{section.1.1}% 6
\BOOKMARK [2][-]{subsection.1.1.5}{\376\377\123\107\136\102\137\025\164\006}{section.1.1}% 7
\BOOKMARK [1][-]{section.1.2}{\376\377\153\047\142\311\121\375\145\160}{part.1}% 8
\BOOKMARK [2][-]{subsection.1.2.1}{\376\377\133\232\116\111\116\016\140\047\215\050}{section.1.2}% 9
\BOOKMARK [2][-]{subsection.1.2.2}{\376\377\153\047\142\311\133\232\164\006}{section.1.2}% 10
\BOOKMARK [2][-]{subsection.1.2.3}{\376\377\142\151\134\125\153\047\142\311\133\232\164\006}{section.1.2}% 11
\BOOKMARK [2][-]{subsection.1.2.4}{\376\377\153\047\142\311\123\315\157\024}{section.1.2}% 12
\BOOKMARK [2][-]{subsection.1.2.5}{\376\377\153\047\142\311\173\133}{section.1.2}% 13
\BOOKMARK [1][-]{section.1.3}{\376\377\226\066\116\016\123\237\150\071}{part.1}% 14
\BOOKMARK [2][-]{subsection.1.3.1}{\376\377\127\372\147\054\133\232\116\111}{section.1.3}% 15
\BOOKMARK [2][-]{subsection.1.3.2}{\376\377\140\047\215\050\116\016\133\232\164\006}{section.1.3}% 16
\BOOKMARK [2][-]{subsection.1.3.3}{\376\377\000C\000a\000r\000m\000i\000c\000h\000a\000e\000l\121\375\145\160}{section.1.3}% 17
\BOOKMARK [1][-]{section.1.4}{\376\377\153\047\121\340\221\314\137\227\173\227\154\325}{part.1}% 18
\BOOKMARK [2][-]{subsection.1.4.1}{\376\377\142\151\134\125\153\047\137\017\173\227\154\325}{section.1.4}% 19
\BOOKMARK [2][-]{subsection.1.4.2}{\376\377\174\173\153\047\137\017\173\227\154\325}{section.1.4}% 20
\BOOKMARK [1][-]{section.1.5}{\376\377\124\014\117\131\145\271\172\013}{part.1}% 21
\BOOKMARK [2][-]{subsection.1.5.1}{\376\377\210\364\207\000\133\232\164\006}{section.1.5}% 22
\BOOKMARK [2][-]{subsection.1.5.2}{\376\377\131\032\121\103\116\015\133\232\145\271\172\013}{section.1.5}% 23
\BOOKMARK [2][-]{subsection.1.5.3}{\376\377\176\277\140\047\124\014\117\131\145\271\172\013}{section.1.5}% 24
\BOOKMARK [2][-]{subsection.1.5.4}{\376\377\152\041\220\006\121\103\173\133}{section.1.5}% 25
\BOOKMARK [2][-]{subsection.1.5.5}{\376\377\000C\000R\000T\133\232\164\006}{section.1.5}% 26
\BOOKMARK [2][-]{subsection.1.5.6}{\376\377\142\151\134\125\000C\000R\000T\133\232\164\006}{section.1.5}% 27
\BOOKMARK [2][-]{subsection.1.5.7}{\376\377\226\066\116\130\123\326\152\041}{section.1.5}% 28
\BOOKMARK [2][-]{subsection.1.5.8}{\376\377\000N\153\041\124\014\117\131\145\271\172\013}{section.1.5}% 29
\BOOKMARK [1][-]{section.1.6}{\376\377\171\273\145\143\133\371\145\160\124\214\122\151\117\131}{part.1}% 30
\BOOKMARK [2][-]{subsection.1.6.1}{\376\377\000B\000S\000G\000S\173\227\154\325}{section.1.6}% 31
\BOOKMARK [2][-]{subsection.1.6.2}{\376\377\142\151\134\125\000B\000S\000G\000S\173\227\154\325}{section.1.6}% 32
\BOOKMARK [2][-]{subsection.1.6.3}{\376\377\171\273\145\143\133\371\145\160\173\133}{section.1.6}% 33
\BOOKMARK [2][-]{subsection.1.6.4}{\376\377\000N\153\041\122\151\117\131}{section.1.6}% 34
\BOOKMARK [2][-]{subsection.1.6.5}{\376\377\116\214\153\041\122\151\117\131}{section.1.6}% 35
\BOOKMARK [1][-]{section.1.7}{\376\377\123\142\123\141\145\257\133\232\164\006}{part.1}% 36
\BOOKMARK [1][-]{section.1.8}{\376\377\145\160\213\272\122\006\127\127}{part.1}% 37
\BOOKMARK [2][-]{subsection.1.8.1}{\376\377\137\025\164\006\116\016\176\323\213\272}{section.1.8}% 38
\BOOKMARK [2][-]{subsection.1.8.2}{\376\377\000N\176\364\145\160\213\272\122\006\127\127}{section.1.8}% 39
\BOOKMARK [2][-]{subsection.1.8.3}{\376\377\124\021\116\012\123\326\145\164}{section.1.8}% 40
\BOOKMARK [2][-]{subsection.1.8.4}{\376\377\142\151\134\125\145\160\213\272\122\006\127\127}{section.1.8}% 41
\BOOKMARK [1][-]{section.1.9}{\376\377\000D\000i\000r\000i\000c\000h\000l\000e\000t\123\167\171\357}{part.1}% 42
\BOOKMARK [2][-]{subsection.1.9.1}{\376\377\000D\000i\000r\000i\000c\000h\000l\000e\000t\122\115\177\000\124\214}{section.1.9}% 43
\BOOKMARK [2][-]{subsection.1.9.2}{\376\377\000D\000i\000r\000i\000c\000h\000l\000e\000t\124\016\177\000\124\214}{section.1.9}% 44
\BOOKMARK [2][-]{subsection.1.9.3}{\376\377\000D\000G\000F\116\016\123\167\171\357}{section.1.9}% 45
\BOOKMARK [1][-]{section.1.10}{\376\377\171\357\140\047\121\375\145\160\173\133}{part.1}% 46
\BOOKMARK [1][-]{section.1.11}{\376\377\203\253\153\324\116\114\145\257\121\375\145\160}{part.1}% 47
\BOOKMARK [0][-]{part.2}{\376\377\000I\000I\000\040\126\376\213\272}{}% 48
\BOOKMARK [1][-]{section.2.1}{\376\377\126\376\213\272\127\372\170\100}{part.2}% 49
\BOOKMARK [1][-]{section.2.2}{\376\377\147\000\167\355\215\357\225\356\230\230}{part.2}% 50
\BOOKMARK [1][-]{section.2.3}{\376\377\165\037\142\020\150\021\225\356\230\230}{part.2}% 51
\BOOKMARK [1][-]{section.2.4}{\376\377\217\336\220\032\140\047\225\356\230\230}{part.2}% 52
\BOOKMARK [2][-]{subsection.2.4.1}{\376\377\127\372\147\054\133\232\116\111}{section.2.4}% 53
\BOOKMARK [2][-]{subsection.2.4.2}{\376\377\137\072\217\336\220\032\122\006\221\317}{section.2.4}% 54
\BOOKMARK [2][-]{subsection.2.4.3}{\376\377\0002\000-\000S\000A\000T\225\356\230\230}{section.2.4}% 55
\BOOKMARK [1][-]{section.2.5}{\376\377\163\257\213\241\145\160\225\356\230\230}{part.2}% 56
\BOOKMARK [1][-]{section.2.6}{\376\377\153\047\142\311\126\376\225\356\230\230}{part.2}% 57
\BOOKMARK [1][-]{section.2.7}{\376\377\172\336\215\133\126\376\225\356\230\230}{part.2}% 58
\BOOKMARK [1][-]{section.2.8}{\376\377\136\163\227\142\126\376\225\356\230\230}{part.2}% 59
\BOOKMARK [2][-]{subsection.2.8.1}{\376\377\127\372\147\054\133\232\116\111}{section.2.8}% 60
\BOOKMARK [2][-]{subsection.2.8.2}{\376\377\136\177\116\111\116\062\136\166\200\124\126\376}{section.2.8}% 61
\BOOKMARK [1][-]{section.2.9}{\376\377\137\046\126\376\225\356\230\230}{part.2}% 62
\BOOKMARK [1][-]{section.2.10}{\376\377\177\121\176\334\155\101}{part.2}% 63
\BOOKMARK [2][-]{subsection.2.10.1}{\376\377\127\372\147\054\133\232\116\111}{section.2.10}% 64
\BOOKMARK [2][-]{subsection.2.10.2}{\376\377\147\000\131\047\155\101}{section.2.10}% 65
\BOOKMARK [2][-]{subsection.2.10.3}{\376\377\147\000\134\017\122\162\150\021}{section.2.10}% 66
\BOOKMARK [2][-]{subsection.2.10.4}{\376\377\147\011\165\114\155\101}{section.2.10}% 67
\BOOKMARK [2][-]{subsection.2.10.5}{\376\377\215\071\165\050\155\101}{section.2.10}% 68
\BOOKMARK [2][-]{subsection.2.10.6}{\376\377\136\070\211\301\152\041\127\213}{section.2.10}% 69
\BOOKMARK [1][-]{section.2.11}{\376\377\136\217\164\006\213\272}{part.2}% 70
\BOOKMARK [2][-]{subsection.2.11.1}{\376\377\127\372\147\054\133\232\116\111}{section.2.11}% 71
\BOOKMARK [2][-]{subsection.2.11.2}{\376\377\142\323\142\121\143\222\136\217}{section.2.11}% 72
\BOOKMARK [2][-]{subsection.2.11.3}{\376\377\000D\000i\000l\000w\000o\000r\000t\000h\133\232\164\006}{section.2.11}% 73
\BOOKMARK [1][-]{section.2.12}{\376\377\126\376\166\204\167\100\202\162}{part.2}% 74
\BOOKMARK [1][-]{section.2.13}{\376\377\126\376\166\204\123\071\221\115}{part.2}% 75
\BOOKMARK [2][-]{subsection.2.13.1}{\376\377\127\372\147\054\133\232\116\111}{section.2.13}% 76
\BOOKMARK [2][-]{subsection.2.13.2}{\376\377\116\214\122\006\126\376\147\000\131\047\123\071\221\115}{section.2.13}% 77
\BOOKMARK [2][-]{subsection.2.13.3}{\376\377\116\214\122\006\126\376\147\000\131\047\147\103\123\071\221\115}{section.2.13}% 78
\BOOKMARK [2][-]{subsection.2.13.4}{\376\377\150\021\116\012\123\071\221\115\225\356\230\230}{section.2.13}% 79
\BOOKMARK [2][-]{subsection.2.13.5}{\376\377\116\000\202\054\126\376\147\000\131\047\123\071\221\115}{section.2.13}% 80
\BOOKMARK [1][-]{section.2.14}{\376\377\150\021\213\272\127\372\170\100}{part.2}% 81
\BOOKMARK [2][-]{subsection.2.14.1}{\376\377\150\021\166\204\220\115\123\206}{section.2.14}% 82
\BOOKMARK [2][-]{subsection.2.14.2}{\376\377\150\021\166\204\166\364\137\204}{section.2.14}% 83
\BOOKMARK [2][-]{subsection.2.14.3}{\376\377\150\021\166\204\116\055\137\303}{section.2.14}% 84
\BOOKMARK [2][-]{subsection.2.14.4}{\376\377\150\021\166\204\221\315\137\303}{section.2.14}% 85
\BOOKMARK [2][-]{subsection.2.14.5}{\376\377\147\000\217\321\121\154\121\161\171\126\121\110}{section.2.14}% 86
\BOOKMARK [2][-]{subsection.2.14.6}{\376\377\150\021\116\012\135\356\122\006}{section.2.14}% 87
\BOOKMARK [2][-]{subsection.2.14.7}{\376\377\150\021\166\204\124\014\147\204}{section.2.14}% 88
\BOOKMARK [2][-]{subsection.2.14.8}{\376\377\150\021\116\012\122\006\154\273}{section.2.14}% 89
\BOOKMARK [1][-]{section.2.15}{\376\377\150\021\224\376\122\126\122\006}{part.2}% 90
\BOOKMARK [2][-]{subsection.2.15.1}{\376\377\127\372\147\054\133\232\116\111}{section.2.15}% 91
\BOOKMARK [2][-]{subsection.2.15.2}{\376\377\221\315\224\376\122\126\122\006}{section.2.15}% 92
\BOOKMARK [2][-]{subsection.2.15.3}{\376\377\225\177\224\376\122\126\122\006}{section.2.15}% 93
\BOOKMARK [1][-]{section.2.16}{\376\377\150\021\122\006\211\343\225\356\230\230}{part.2}% 94
\BOOKMARK [1][-]{section.2.17}{\376\377\127\372\163\257\150\021\225\356\230\230}{part.2}% 95
\BOOKMARK [1][-]{section.2.18}{\376\377\206\132\150\021\225\356\230\230}{part.2}% 96
\BOOKMARK [1][-]{section.2.19}{\376\377\145\057\221\115\150\021\225\356\230\230}{part.2}% 97
\BOOKMARK [1][-]{section.2.20}{\376\377\000P\000r\000\374\000f\000e\000r\136\217\122\027}{part.2}% 98
\BOOKMARK [0][-]{part.3}{\376\377\000I\000I\000I\000\040\176\277\140\047\116\343\145\160}{}% 99
\BOOKMARK [1][-]{section.3.1}{\376\377\176\277\140\047\127\372}{part.3}% 100
\BOOKMARK [2][-]{subsection.3.1.1}{\376\377\133\232\116\111\116\016\140\047\215\050}{section.3.1}% 101
\BOOKMARK [2][-]{subsection.3.1.2}{\376\377\137\002\142\026\176\277\140\047\127\372}{section.3.1}% 102
\BOOKMARK [2][-]{subsection.3.1.3}{\376\377\133\236\145\160\176\277\140\047\127\372}{section.3.1}% 103
\BOOKMARK [1][-]{section.3.2}{\376\377\162\171\137\201\150\071}{part.3}% 104
\BOOKMARK [2][-]{subsection.3.2.1}{\376\377\127\372\147\054\133\232\116\111}{section.3.2}% 105
\BOOKMARK [2][-]{subsection.3.2.2}{\376\377\145\220\154\342\220\243\131\121\145\160\122\027}{section.3.2}% 106
\BOOKMARK [2][-]{subsection.3.2.3}{\376\377\136\046\136\070\176\277\140\047\220\022\143\250}{section.3.2}% 107
\BOOKMARK [0][-]{part.4}{\376\377\000I\000V\000\040\176\304\124\010\145\160\133\146}{}% 108
\BOOKMARK [1][-]{section.4.1}{\376\377\127\372\147\054\123\237\164\006}{part.4}% 109
\BOOKMARK [2][-]{subsection.4.1.1}{\376\377\213\241\145\160\123\237\164\006}{section.4.1}% 110
\BOOKMARK [2][-]{subsection.4.1.2}{\376\377\143\222\122\027\176\304\124\010}{section.4.1}% 111
\BOOKMARK [2][-]{subsection.4.1.3}{\376\377\236\075\135\342\123\237\164\006}{section.4.1}% 112
\BOOKMARK [2][-]{subsection.4.1.4}{\376\377\133\271\145\245\123\237\164\006}{section.4.1}% 113
\BOOKMARK [1][-]{section.4.2}{\376\377\123\141\162\171\121\160\145\160}{part.4}% 114
\BOOKMARK [1][-]{section.4.3}{\376\377\145\257\162\171\147\227\145\160}{part.4}% 115
\BOOKMARK [1][-]{section.4.4}{\376\377\117\057\122\252\122\051\145\160}{part.4}% 116
\BOOKMARK [1][-]{section.4.5}{\376\377\122\006\142\306\145\160}{part.4}% 117
\BOOKMARK [1][-]{section.4.6}{\376\377\203\003\137\267\204\231\137\267\123\167\171\357}{part.4}% 118
\BOOKMARK [1][-]{section.4.7}{\376\377\000P\000\363\000l\000y\000a\213\241\145\160}{part.4}% 119
\BOOKMARK [1][-]{section.4.8}{\376\377\126\376\213\272\213\241\145\160}{part.4}% 120
\BOOKMARK [1][-]{section.4.9}{\376\377\165\037\142\020\121\375\145\160}{part.4}% 121
\BOOKMARK [0][-]{part.5}{\376\377\000V\000\040\213\241\173\227\121\340\117\125}{}% 122
\BOOKMARK [1][-]{section.5.1}{\376\377\121\340\117\125\127\372\170\100}{part.5}% 123
\BOOKMARK [0][-]{part.6}{\376\377\000V\000I\000\040\151\202\163\207\213\272}{}% 124
\BOOKMARK [1][-]{section.6.1}{\376\377\147\037\147\033\225\356\230\230}{part.6}% 125
\BOOKMARK [2][-]{subsection.6.1.1}{\376\377\127\372\147\054\133\232\116\111}{section.6.1}% 126
\BOOKMARK [2][-]{subsection.6.1.2}{\376\377\147\141\116\366\147\037\147\033}{section.6.1}% 127
\BOOKMARK [2][-]{subsection.6.1.3}{\376\377\176\317\121\170\152\041\127\213}{section.6.1}% 128
\BOOKMARK [0][-]{part.7}{\376\377\000V\000I\000I\000\040\123\132\137\010\213\272}{}% 129
\BOOKMARK [1][-]{section.7.1}{\376\377\121\154\136\163\176\304\124\010\123\132\137\010}{part.7}% 130
\BOOKMARK [2][-]{subsection.7.1.1}{\376\377\127\372\147\054\133\232\116\111}{section.7.1}% 131
\BOOKMARK [2][-]{subsection.7.1.2}{\376\377\000N\000i\000m\156\070\142\017}{section.7.1}% 132
\BOOKMARK [2][-]{subsection.7.1.3}{\376\377\000S\000G\164\006\213\272}{section.7.1}% 133
\BOOKMARK [2][-]{subsection.7.1.4}{\376\377\176\317\121\170\152\041\127\213}{section.7.1}% 134
\BOOKMARK [0][-]{part.8}{\376\377\000V\000I\000I\000I\000\040\133\127\173\046\116\062}{}% 135
\BOOKMARK [1][-]{section.8.1}{\376\377\122\115\177\000\145\160\176\304}{part.8}% 136
\BOOKMARK [1][-]{section.8.2}{\376\377\000Z\121\375\145\160}{part.8}% 137
\BOOKMARK [1][-]{section.8.3}{\376\377\133\127\173\046\116\062\124\310\136\014}{part.8}% 138
\BOOKMARK [1][-]{section.8.4}{\376\377\000B\000M\123\071\221\115\173\227\154\325}{part.8}% 139
\BOOKMARK [1][-]{section.8.5}{\376\377\133\127\121\170\150\021}{part.8}% 140
\BOOKMARK [1][-]{section.8.6}{\376\377\000A\000C\201\352\122\250\147\072}{part.8}% 141
\BOOKMARK [1][-]{section.8.7}{\376\377\124\016\177\000\145\160\176\304}{part.8}% 142
\BOOKMARK [1][-]{section.8.8}{\376\377\124\016\177\000\201\352\122\250\147\072}{part.8}% 143
\BOOKMARK [2][-]{subsection.8.8.1}{\376\377\136\177\116\111\000S\000A\000M}{section.8.8}% 144
\BOOKMARK [1][-]{section.8.9}{\376\377\124\016\177\000\133\127\121\170\150\021}{part.8}% 145
\BOOKMARK [1][-]{section.8.10}{\376\377\124\016\177\000\136\163\210\141\150\021}{part.8}% 146
\BOOKMARK [1][-]{section.8.11}{\376\377\000M\000a\000n\000a\000c\000h\000e\000r\173\227\154\325}{part.8}% 147
\BOOKMARK [1][-]{section.8.12}{\376\377\126\336\145\207\201\352\122\250\147\072}{part.8}% 148
\BOOKMARK [1][-]{section.8.13}{\376\377\133\120\136\217\122\027\201\352\122\250\147\072}{part.8}% 149
\BOOKMARK [1][-]{section.8.14}{\376\377\000L\000y\000n\000d\000o\000n\122\006\211\343}{part.8}% 150
\BOOKMARK [1][-]{section.8.15}{\376\377\000M\000L\173\227\154\325}{part.8}% 151
\BOOKMARK [0][-]{part.9}{\376\377\000I\000X\000\040\145\160\143\156\176\323\147\204}{}% 152
\BOOKMARK [1][-]{section.9.1}{\376\377\136\166\147\345\226\306}{part.9}% 153
\BOOKMARK [2][-]{subsection.9.1.1}{\376\377\127\372\147\054\133\232\116\111}{section.9.1}% 154
\BOOKMARK [2][-]{subsection.9.1.2}{\376\377\215\357\137\204\123\213\177\051}{section.9.1}% 155
\BOOKMARK [2][-]{subsection.9.1.3}{\376\377\143\011\171\351\124\010\136\166}{section.9.1}% 156
\BOOKMARK [2][-]{subsection.9.1.4}{\376\377\136\046\147\103\136\166\147\345\226\306}{section.9.1}% 157
\BOOKMARK [2][-]{subsection.9.1.5}{\376\377\171\315\174\173\136\166\147\345\226\306}{section.9.1}% 158
\BOOKMARK [2][-]{subsection.9.1.6}{\376\377\123\357\144\244\225\000\136\166\147\345\226\306}{section.9.1}% 159
\BOOKMARK [1][-]{section.9.2}{\376\377\124\310\136\014\210\150}{part.9}% 160
\BOOKMARK [1][-]{section.9.3}{\376\377\150\010\116\016\226\037\122\027}{part.9}% 161
\BOOKMARK [1][-]{section.9.4}{\376\377\224\376\210\150}{part.9}% 162
\BOOKMARK [1][-]{section.9.5}{\376\377\172\000\165\217\210\150}{part.9}% 163
\BOOKMARK [1][-]{section.9.6}{\376\377\163\302\147\065\203\211\150\021}{part.9}% 164
\BOOKMARK [1][-]{section.9.7}{\376\377\150\021\162\266\145\160\176\304}{part.9}% 165
\BOOKMARK [1][-]{section.9.8}{\376\377\123\357\136\166\130\006}{part.9}% 166
\BOOKMARK [1][-]{section.9.9}{\376\377\176\277\153\265\150\021\121\145\225\350}{part.9}% 167
\BOOKMARK [1][-]{section.9.10}{\376\377\136\163\210\141\150\021\121\145\225\350}{part.9}% 168
\BOOKMARK [2][-]{subsection.9.10.1}{\376\377\116\214\123\311\144\034\175\042\150\021}{section.9.10}% 169
\BOOKMARK [2][-]{subsection.9.10.2}{\376\377\000T\000r\000e\000a\000p\150\021}{section.9.10}% 170
\BOOKMARK [2][-]{subsection.9.10.3}{\376\377\000S\000p\000a\000l\000y\150\021}{section.9.10}% 171
\BOOKMARK [2][-]{subsection.9.10.4}{\376\377\173\033\123\141\134\024\150\021}{section.9.10}% 172
\BOOKMARK [2][-]{subsection.9.10.5}{\376\377\146\377\177\152\177\212\150\021}{section.9.10}% 173
\BOOKMARK [1][-]{section.9.11}{\376\377\000K\000-\000D\150\021}{part.9}% 174
\BOOKMARK [1][-]{section.9.12}{\376\377\147\220\124\010\150\021}{part.9}% 175
\BOOKMARK [1][-]{section.9.13}{\376\377\122\006\127\127\121\145\225\350}{part.9}% 176
\BOOKMARK [2][-]{subsection.9.13.1}{\376\377\127\372\147\054\140\035\140\363}{section.9.13}% 177
\BOOKMARK [2][-]{subsection.9.13.2}{\376\377\127\127\162\266\145\160\176\304}{section.9.13}% 178
\BOOKMARK [2][-]{subsection.9.13.3}{\376\377\000S\000Q\000R\000T\150\021}{section.9.13}% 179
\BOOKMARK [2][-]{subsection.9.13.4}{\376\377\000B\000i\000t\000s\000e\000t\166\370\121\163}{section.9.13}% 180
\BOOKMARK [1][-]{section.9.14}{\376\377\203\253\226\037\173\227\154\325}{part.9}% 181
\BOOKMARK [1][-]{section.9.15}{\376\377\145\164\117\123\116\214\122\006}{part.9}% 182
\BOOKMARK [1][-]{section.9.16}{\376\377\000C\000D\000Q\122\006\154\273}{part.9}% 183
\BOOKMARK [1][-]{section.9.17}{\376\377\123\357\143\001\116\105\123\026}{part.9}% 184
\BOOKMARK [1][-]{section.9.18}{\376\377\123\357\217\375\156\257\123\026}{part.9}% 185
\BOOKMARK [1][-]{section.9.19}{\376\377\150\021\131\127\150\021}{part.9}% 186
\BOOKMARK [1][-]{section.9.20}{\376\377\122\250\140\001\150\021}{part.9}% 187
\BOOKMARK [2][-]{subsection.9.20.1}{\376\377\000L\000i\000n\000k\000-\000C\000u\000t\000\040\000T\000r\000e\000e}{section.9.20}% 188
\BOOKMARK [2][-]{subsection.9.20.2}{\376\377\153\047\142\311\126\336\215\357\150\021}{section.9.20}% 189
\BOOKMARK [2][-]{subsection.9.20.3}{\376\377\121\150\134\100\136\163\210\141\116\214\123\311\150\021}{section.9.20}% 190
\BOOKMARK [2][-]{subsection.9.20.4}{\376\377\201\352\220\002\136\224\000T\000o\000p\000-\000T\000r\000e\000e}{section.9.20}% 191
\BOOKMARK [0][-]{part.10}{\376\377\000X\000\040\122\250\140\001\211\304\122\022}{}% 192
\BOOKMARK [1][-]{section.10.1}{\376\377\200\314\123\005\000D\000P}{part.10}% 193
\BOOKMARK [2][-]{subsection.10.1.1}{\376\377\0000\000-\0001\200\314\123\005}{section.10.1}% 194
\BOOKMARK [2][-]{subsection.10.1.2}{\376\377\133\214\121\150\200\314\123\005}{section.10.1}% 195
\BOOKMARK [2][-]{subsection.10.1.3}{\376\377\131\032\221\315\200\314\123\005}{section.10.1}% 196
\BOOKMARK [2][-]{subsection.10.1.4}{\376\377\150\021\137\142\200\314\123\005}{section.10.1}% 197
\BOOKMARK [0][-]{part.11}{\376\377\000X\000I\000\040\121\166\116\326\116\023\230\230}{}% 198
\BOOKMARK [1][-]{section.11.1}{\376\377\127\107\144\112\122\006\147\220}{part.11}% 199
\BOOKMARK [1][-]{section.11.2}{\376\377\213\241\173\227\164\006\213\272}{part.11}% 200
\BOOKMARK [2][-]{subsection.11.2.1}{\376\377\201\352\122\250\147\072}{section.11.2}% 201
\BOOKMARK [2][-]{subsection.11.2.2}{\376\377\137\142\137\017\213\355\212\000}{section.11.2}% 202
\BOOKMARK [2][-]{subsection.11.2.3}{\376\377\123\357\213\241\173\227\140\047}{section.11.2}% 203
\BOOKMARK [2][-]{subsection.11.2.4}{\376\377\131\015\147\102\140\047\164\006\213\272}{section.11.2}% 204
\BOOKMARK [1][-]{section.11.3}{\376\377\226\217\147\072\123\026\173\227\154\325}{part.11}% 205
\BOOKMARK [2][-]{subsection.11.3.1}{\376\377\226\217\147\072\121\375\145\160}{section.11.3}% 206
\BOOKMARK [2][-]{subsection.11.3.2}{\376\377\152\041\142\337\220\000\160\153}{section.11.3}% 207
\BOOKMARK [2][-]{subsection.11.3.3}{\376\377\000M\000o\000s\000e\000r\173\227\154\325}{section.11.3}% 208
\BOOKMARK [2][-]{subsection.11.3.4}{\376\377\150\205\150\356\145\313\217\154\173\227\154\325}{section.11.3}% 209
\BOOKMARK [2][-]{subsection.11.3.5}{\376\377\204\231\162\171\123\141\155\033\145\271\154\325}{section.11.3}% 210
\BOOKMARK [1][-]{section.11.4}{\376\377\124\057\123\321\137\017\173\227\154\325}{part.11}% 211
\BOOKMARK [2][-]{subsection.11.4.1}{\376\377\116\272\174\173\146\172\141\147}{section.11.4}% 212
\BOOKMARK [2][-]{subsection.11.4.2}{\376\377\124\057\123\321\137\017\144\034\175\042}{section.11.4}% 213
\BOOKMARK [2][-]{subsection.11.4.3}{\376\377\124\057\123\321\137\017\124\010\136\166}{section.11.4}% 214
\BOOKMARK [2][-]{subsection.11.4.4}{\376\377\124\057\123\321\137\017\122\006\210\302}{section.11.4}% 215
\BOOKMARK [2][-]{subsection.11.4.5}{\376\377\000D\000S\000U\000-\000o\000n\000-\000T\000r\000e\000e}{section.11.4}% 216
\BOOKMARK [1][-]{section.11.5}{\376\377\150\071\123\367\122\006\154\273}{part.11}% 217
\BOOKMARK [1][-]{section.11.6}{\376\377\145\160\120\074\173\227\154\325}{part.11}% 218
\BOOKMARK [2][-]{subsection.11.6.1}{\376\377\123\072\225\364\220\074\217\321\173\227\154\325}{section.11.6}% 219
\BOOKMARK [2][-]{subsection.11.6.2}{\376\377\201\352\220\002\136\224\217\233\146\156\150\356}{section.11.6}% 220
\BOOKMARK [2][-]{subsection.11.6.3}{\376\377\131\032\230\171\137\017\143\322\120\074}{section.11.6}% 221
\BOOKMARK [1][-]{section.11.7}{\376\377\217\336\176\355\153\265\225\356\230\230}{part.11}% 222
\BOOKMARK [1][-]{section.11.8}{\376\377\177\026\170\001\225\356\230\230}{part.11}% 223
\BOOKMARK [1][-]{section.11.9}{\376\377\142\337\226\065\225\356\230\230}{part.11}% 224
\BOOKMARK [1][-]{section.11.10}{\376\377\121\370\121\375\145\160\225\356\230\230}{part.11}% 225
\BOOKMARK [1][-]{section.11.11}{\376\377\147\000\117\030\123\026\225\356\230\230}{part.11}% 226
\BOOKMARK [2][-]{subsection.11.11.1}{\376\377\142\311\150\074\147\027\145\345\116\130\145\160\154\325}{section.11.11}% 227
\BOOKMARK [2][-]{subsection.11.11.2}{\376\377\142\311\150\074\147\027\145\345\133\371\120\166}{section.11.11}% 228
\BOOKMARK [2][-]{subsection.11.11.3}{\376\377\176\277\140\047\211\304\122\022}{section.11.11}% 229
\BOOKMARK [1][-]{section.11.12}{\376\377\162\354\172\313\226\306\225\356\230\230}{part.11}% 230
